2023-07-12T06:06:40+00:00 CRITICAL Uncaught TypeError: call_user_func_array(): Argument #1 ($callback) must be a valid callback, function "woo_add_product_tabs" not found or invalid function name in C:\Users\dekoc\Local Sites\raptor-corpz\app\public\wp-includes\class-wp-hook.php:308
Stack trace:
#0 C:\Users\dekoc\Local Sites\raptor-corpz\app\public\wp-includes\plugin.php(205): WP_Hook->apply_filters(Array, Array)
#1 C:\Users\dekoc\Local Sites\raptor-corpz\app\public\wp-content\plugins\woocommerce\templates\single-product\tabs\tabs.php(29): apply_filters('woocommerce_pro...', Array)
#2 C:\Users\dekoc\Local Sites\raptor-corpz\app\public\wp-content\plugins\woocommerce\includes\wc-core-functions.php(345): include('C:\\Users\\dekoc\\...')
#3 C:\Users\dekoc\Local Sites\raptor-corpz\app\public\wp-content\plugins\woocommerce\includes\wc-template-functions.php(1626): wc_get_template('single-product/...')
#4 C:\Users\dekoc\Local Sites\raptor-corpz\app\public\wp-includes\class-wp-hook.php(308): woocommerce_output_product_data_tabs('')
#5 C:\Users\dekoc\Local Sites\raptor-corpz\app\public\wp-includes\class-wp-hook.php(332): WP_Hook->apply_filters('', Array)
#6 C:\Users\dekoc\Local Sites\raptor-corpz\app\public\wp-includes\plugin.php(517): WP_Hook->do_action(Array)
#7 C:\Users\dekoc\Local Sites\raptor-corpz\app\public\wp-content\plugins\woocommerce\templates\content-single-product.php(72): do_action('woocommerce_aft...')
#8 C:\Users\dekoc\Local Sites\raptor-corpz\app\public\wp-includes\template.php(785): require('C:\\Users\\dekoc\\...')
#9 C:\Users\dekoc\Local Sites\raptor-corpz\app\public\wp-content\plugins\woocommerce\includes\wc-core-functions.php(284): load_template('C:\\Users\\dekoc\\...', false)
#10 C:\Users\dekoc\Local Sites\raptor-corpz\app\public\wp-content\plugins\woocommerce\includes\class-wc-shortcodes.php(598): wc_get_template_part('content', 'single-product')
#11 C:\Users\dekoc\Local Sites\raptor-corpz\app\public\wp-includes\shortcodes.php(355): WC_Shortcodes::product_page(Array, '', 'product_page')
#12 [internal function]: do_shortcode_tag(Array)
#13 C:\Users\dekoc\Local Sites\raptor-corpz\app\public\wp-includes\shortcodes.php(227): preg_replace_callback('/\\[(\\[?)(produc...', 'do_shortcode_ta...', '[product_page i...')
#14 C:\Users\dekoc\Local Sites\raptor-corpz\app\public\wp-content\plugins\woocommerce\includes\class-wc-template-loader.php(634): do_shortcode('[product_page i...')
#15 C:\Users\dekoc\Local Sites\raptor-corpz\app\public\wp-includes\class-wp-hook.php(308): WC_Template_Loader::unsupported_theme_product_content_filter('<p>Lorem ipsum ...')
#16 C:\Users\dekoc\Local Sites\raptor-corpz\app\public\wp-includes\plugin.php(205): WP_Hook->apply_filters('<p>Lorem ipsum ...', Array)
#17 C:\Users\dekoc\Local Sites\raptor-corpz\app\public\wp-includes\post-template.php(255): apply_filters('the_content', 'Lorem ipsum dol...')
#18 C:\Users\dekoc\Local Sites\raptor-corpz\app\public\wp-content\themes\RaptorCorpz\single.php(40): the_content()
#19 C:\Users\dekoc\Local Sites\raptor-corpz\app\public\wp-includes\template-loader.php(106): include('C:\\Users\\dekoc\\...')
#20 C:\Users\dekoc\Local Sites\raptor-corpz\app\public\wp-blog-header.php(19): require_once('C:\\Users\\dekoc\\...')
#21 C:\Users\dekoc\Local Sites\raptor-corpz\app\public\index.php(17): require('C:\\Users\\dekoc\\...')
#22 {main}
  thrown in C:\Users\dekoc\Local Sites\raptor-corpz\app\public\wp-includes\class-wp-hook.php on line 308

2023-07-12T06:07:57+00:00 CRITICAL Uncaught TypeError: call_user_func(): Argument #1 ($callback) must be a valid callback, function "woo_custom_description_tab_content" not found or invalid function name in C:\Users\dekoc\Local Sites\raptor-corpz\app\public\wp-content\plugins\woocommerce\templates\single-product\tabs\tabs.php:47
Stack trace:
#0 C:\Users\dekoc\Local Sites\raptor-corpz\app\public\wp-content\plugins\woocommerce\includes\wc-core-functions.php(345): include()
#1 C:\Users\dekoc\Local Sites\raptor-corpz\app\public\wp-content\plugins\woocommerce\includes\wc-template-functions.php(1626): wc_get_template('single-product/...')
#2 C:\Users\dekoc\Local Sites\raptor-corpz\app\public\wp-includes\class-wp-hook.php(308): woocommerce_output_product_data_tabs('')
#3 C:\Users\dekoc\Local Sites\raptor-corpz\app\public\wp-includes\class-wp-hook.php(332): WP_Hook->apply_filters('', Array)
#4 C:\Users\dekoc\Local Sites\raptor-corpz\app\public\wp-includes\plugin.php(517): WP_Hook->do_action(Array)
#5 C:\Users\dekoc\Local Sites\raptor-corpz\app\public\wp-content\plugins\woocommerce\templates\content-single-product.php(72): do_action('woocommerce_aft...')
#6 C:\Users\dekoc\Local Sites\raptor-corpz\app\public\wp-includes\template.php(785): require('C:\\Users\\dekoc\\...')
#7 C:\Users\dekoc\Local Sites\raptor-corpz\app\public\wp-content\plugins\woocommerce\includes\wc-core-functions.php(284): load_template('C:\\Users\\dekoc\\...', false)
#8 C:\Users\dekoc\Local Sites\raptor-corpz\app\public\wp-content\plugins\woocommerce\includes\class-wc-shortcodes.php(598): wc_get_template_part('content', 'single-product')
#9 C:\Users\dekoc\Local Sites\raptor-corpz\app\public\wp-includes\shortcodes.php(355): WC_Shortcodes::product_page(Array, '', 'product_page')
#10 [internal function]: do_shortcode_tag(Array)
#11 C:\Users\dekoc\Local Sites\raptor-corpz\app\public\wp-includes\shortcodes.php(227): preg_replace_callback('/\\[(\\[?)(produc...', 'do_shortcode_ta...', '[product_page i...')
#12 C:\Users\dekoc\Local Sites\raptor-corpz\app\public\wp-content\plugins\woocommerce\includes\class-wc-template-loader.php(634): do_shortcode('[product_page i...')
#13 C:\Users\dekoc\Local Sites\raptor-corpz\app\public\wp-includes\class-wp-hook.php(308): WC_Template_Loader::unsupported_theme_product_content_filter('<p>Lorem ipsum ...')
#14 C:\Users\dekoc\Local Sites\raptor-corpz\app\public\wp-includes\plugin.php(205): WP_Hook->apply_filters('<p>Lorem ipsum ...', Array)
#15 C:\Users\dekoc\Local Sites\raptor-corpz\app\public\wp-includes\post-template.php(255): apply_filters('the_content', 'Lorem ipsum dol...')
#16 C:\Users\dekoc\Local Sites\raptor-corpz\app\public\wp-content\themes\RaptorCorpz\single.php(40): the_content()
#17 C:\Users\dekoc\Local Sites\raptor-corpz\app\public\wp-includes\template-loader.php(106): include('C:\\Users\\dekoc\\...')
#18 C:\Users\dekoc\Local Sites\raptor-corpz\app\public\wp-blog-header.php(19): require_once('C:\\Users\\dekoc\\...')
#19 C:\Users\dekoc\Local Sites\raptor-corpz\app\public\index.php(17): require('C:\\Users\\dekoc\\...')
#20 {main}
  thrown in C:\Users\dekoc\Local Sites\raptor-corpz\app\public\wp-content\plugins\woocommerce\templates\single-product\tabs\tabs.php on line 47

2023-07-12T06:20:49+00:00 CRITICAL syntax error, unexpected token ";", expecting ")" in C:\Users\dekoc\Local Sites\raptor-corpz\app\public\wp-content\plugins\theme-customisations-master\custom\functions.php on line 48

2023-07-12T06:20:50+00:00 CRITICAL syntax error, unexpected token ";", expecting ")" in C:\Users\dekoc\Local Sites\raptor-corpz\app\public\wp-content\plugins\theme-customisations-master\custom\functions.php on line 48

2023-07-12T06:20:51+00:00 CRITICAL syntax error, unexpected token ";", expecting ")" in C:\Users\dekoc\Local Sites\raptor-corpz\app\public\wp-content\plugins\theme-customisations-master\custom\functions.php on line 48

2023-07-12T06:26:25+00:00 CRITICAL syntax error, unexpected token "<" in C:\Users\dekoc\Local Sites\raptor-corpz\app\public\wp-content\plugins\theme-customisations-master\custom\templates\single.php on line 41

2023-07-12T06:30:57+00:00 CRITICAL Uncaught TypeError: call_user_func_array(): Argument #1 ($callback) must be a valid callback, function "woocommerce_review_display_gravatar" not found or invalid function name in C:\Users\dekoc\Local Sites\raptor-corpz\app\public\wp-includes\class-wp-hook.php:308
Stack trace:
#0 C:\Users\dekoc\Local Sites\raptor-corpz\app\public\wp-includes\class-wp-hook.php(332): WP_Hook->apply_filters('', Array)
#1 C:\Users\dekoc\Local Sites\raptor-corpz\app\public\wp-includes\plugin.php(517): WP_Hook->do_action(Array)
#2 C:\Users\dekoc\Local Sites\raptor-corpz\app\public\wp-content\plugins\theme-customisations-master\custom\functions.php(31): do_action('woocommerce_rev...', NULL)
#3 C:\Users\dekoc\Local Sites\raptor-corpz\app\public\wp-content\plugins\theme-customisations-master\theme-customisations.php(34): require_once('C:\\Users\\dekoc\\...')
#4 C:\Users\dekoc\Local Sites\raptor-corpz\app\public\wp-content\plugins\theme-customisations-master\theme-customisations.php(111): Theme_Customisations->__construct()
#5 C:\Users\dekoc\Local Sites\raptor-corpz\app\public\wp-includes\class-wp-hook.php(308): theme_customisations_main('')
#6 C:\Users\dekoc\Local Sites\raptor-corpz\app\public\wp-includes\class-wp-hook.php(332): WP_Hook->apply_filters(NULL, Array)
#7 C:\Users\dekoc\Local Sites\raptor-corpz\app\public\wp-includes\plugin.php(517): WP_Hook->do_action(Array)
#8 C:\Users\dekoc\Local Sites\raptor-corpz\app\public\wp-settings.php(486): do_action('plugins_loaded')
#9 C:\Users\dekoc\Local Sites\raptor-corpz\app\public\wp-config.php(94): require_once('C:\\Users\\dekoc\\...')
#10 C:\Users\dekoc\Local Sites\raptor-corpz\app\public\wp-load.php(50): require_once('C:\\Users\\dekoc\\...')
#11 C:\Users\dekoc\Local Sites\raptor-corpz\app\public\wp-blog-header.php(13): require_once('C:\\Users\\dekoc\\...')
#12 C:\Users\dekoc\Local Sites\raptor-corpz\app\public\index.php(17): require('C:\\Users\\dekoc\\...')
#13 {main}
  thrown in C:\Users\dekoc\Local Sites\raptor-corpz\app\public\wp-includes\class-wp-hook.php on line 308

2023-07-12T06:30:57+00:00 CRITICAL Uncaught TypeError: call_user_func_array(): Argument #1 ($callback) must be a valid callback, function "woocommerce_review_display_gravatar" not found or invalid function name in C:\Users\dekoc\Local Sites\raptor-corpz\app\public\wp-includes\class-wp-hook.php:308
Stack trace:
#0 C:\Users\dekoc\Local Sites\raptor-corpz\app\public\wp-includes\class-wp-hook.php(332): WP_Hook->apply_filters('', Array)
#1 C:\Users\dekoc\Local Sites\raptor-corpz\app\public\wp-includes\plugin.php(517): WP_Hook->do_action(Array)
#2 C:\Users\dekoc\Local Sites\raptor-corpz\app\public\wp-content\plugins\theme-customisations-master\custom\functions.php(31): do_action('woocommerce_rev...', NULL)
#3 C:\Users\dekoc\Local Sites\raptor-corpz\app\public\wp-content\plugins\theme-customisations-master\theme-customisations.php(34): require_once('C:\\Users\\dekoc\\...')
#4 C:\Users\dekoc\Local Sites\raptor-corpz\app\public\wp-content\plugins\theme-customisations-master\theme-customisations.php(111): Theme_Customisations->__construct()
#5 C:\Users\dekoc\Local Sites\raptor-corpz\app\public\wp-includes\class-wp-hook.php(308): theme_customisations_main('')
#6 C:\Users\dekoc\Local Sites\raptor-corpz\app\public\wp-includes\class-wp-hook.php(332): WP_Hook->apply_filters(NULL, Array)
#7 C:\Users\dekoc\Local Sites\raptor-corpz\app\public\wp-includes\plugin.php(517): WP_Hook->do_action(Array)
#8 C:\Users\dekoc\Local Sites\raptor-corpz\app\public\wp-settings.php(486): do_action('plugins_loaded')
#9 C:\Users\dekoc\Local Sites\raptor-corpz\app\public\wp-config.php(94): require_once('C:\\Users\\dekoc\\...')
#10 C:\Users\dekoc\Local Sites\raptor-corpz\app\public\wp-load.php(50): require_once('C:\\Users\\dekoc\\...')
#11 C:\Users\dekoc\Local Sites\raptor-corpz\app\public\wp-blog-header.php(13): require_once('C:\\Users\\dekoc\\...')
#12 C:\Users\dekoc\Local Sites\raptor-corpz\app\public\index.php(17): require('C:\\Users\\dekoc\\...')
#13 {main}
  thrown in C:\Users\dekoc\Local Sites\raptor-corpz\app\public\wp-includes\class-wp-hook.php on line 308

2023-07-12T06:47:47+00:00 CRITICAL syntax error, unexpected identifier "get_theme_mod", expecting ":" in C:\Users\dekoc\Local Sites\raptor-corpz\app\public\wp-content\themes\RaptorCorpz\index.php on line 54

